2014/05/11 21:47:49 [error] [system.db.CDbCommand] CDbCommand::fetchAll() failed: SQLSTATE[42S02]: Base table or view not found: 1146 Table 'radar.tbl_migration' doesn't exist. The SQL statement executed was: SHOW COLUMNS FROM `tbl_migration`.
2014/05/11 21:47:51 [error] [system.db.CDbCommand] CDbCommand::execute() failed: SQLSTATE[42000]: Syntax error or access violation: 1067 Invalid default value for 'create_time'. The SQL statement executed was: CREATE TABLE `tbl_project` (
	`id` int(6) AUTO_INCREMENT NOT NULL PRIMARY KEY,
	`username` VARCHAR(20) NOT NULL,
	`password` varchar(50) NOT NULL,
	`user_qid` int(11) DEFAULT NULL,
	`create_time` datetime DEFAULT CURRENT_TIMESTAMP,
	UNIQUE INDEX `username_UNIQUE` (`username` ASC)
) ENGINE=InnoDB.
2014/05/11 21:47:51 [error] [exception.CDbException] exception 'CDbException' with message 'CDbCommand failed to execute the SQL statement: SQLSTATE[42000]: Syntax error or access violation: 1067 Invalid default value for 'create_time'. The SQL statement executed was: CREATE TABLE `tbl_project` (
	`id` int(6) AUTO_INCREMENT NOT NULL PRIMARY KEY,
	`username` VARCHAR(20) NOT NULL,
	`password` varchar(50) NOT NULL,
	`user_qid` int(11) DEFAULT NULL,
	`create_time` datetime DEFAULT CURRENT_TIMESTAMP,
	UNIQUE INDEX `username_UNIQUE` (`username` ASC)
) ENGINE=InnoDB' in /var/www/RD/yii/framework/db/CDbCommand.php:354
Stack trace:
#0 /var/www/RD/yii/framework/db/CDbCommand.php(1251): CDbCommand->execute()
#1 /var/www/RD/yii/framework/db/CDbMigration.php(229): CDbCommand->createTable('tbl_project', Array, 'ENGINE=InnoDB')
#2 /var/www/RD/RadarApp/protected/migrations/m140511_182427_users.php(14): CDbMigration->createTable('tbl_project', Array, 'ENGINE=InnoDB')
#3 /var/www/RD/yii/framework/cli/commands/MigrateCommand.php(386): m140511_182427_users->up()
#4 /var/www/RD/yii/framework/cli/commands/MigrateCommand.php(110): MigrateCommand->migrateUp('m140511_182427_...')
#5 [internal function]: MigrateCommand->actionUp(Array)
#6 /var/www/RD/yii/framework/console/CConsoleCommand.php(173): ReflectionMethod->invokeArgs(Object(MigrateCommand), Array)
#7 /var/www/RD/yii/framework/console/CConsoleCommandRunner.php(68): CConsoleCommand->run(Array)
#8 /var/www/RD/yii/framework/console/CConsoleApplication.php(92): CConsoleCommandRunner->run(Array)
#9 /var/www/RD/yii/framework/base/CApplication.php(162): CConsoleApplication->processRequest()
#10 /var/www/RD/yii/framework/yiic.php(34): CApplication->run()
#11 /var/www/RD/RadarApp/protected/yiic.php(7): require_once('/var/www/RD/yii...')
#12 /var/www/RD/RadarApp/protected/yiic(4): require_once('/var/www/RD/Rad...')
#13 {main}
---
2014/05/11 21:48:09 [error] [system.db.CDbCommand] CDbCommand::execute() failed: SQLSTATE[42000]: Syntax error or access violation: 1067 Invalid default value for 'create_time'. The SQL statement executed was: CREATE TABLE `tbl_project` (
	`id` int(6) AUTO_INCREMENT NOT NULL PRIMARY KEY,
	`username` VARCHAR(20) NOT NULL,
	`password` varchar(50) NOT NULL,
	`user_qid` int(11) DEFAULT NULL,
	`create_time` datetime DEFAULT CURRENT_TIMESTAMP,
	UNIQUE INDEX `username_UNIQUE` (`username` ASC)
) ENGINE=InnoDB.
2014/05/11 21:48:09 [error] [exception.CDbException] exception 'CDbException' with message 'CDbCommand failed to execute the SQL statement: SQLSTATE[42000]: Syntax error or access violation: 1067 Invalid default value for 'create_time'. The SQL statement executed was: CREATE TABLE `tbl_project` (
	`id` int(6) AUTO_INCREMENT NOT NULL PRIMARY KEY,
	`username` VARCHAR(20) NOT NULL,
	`password` varchar(50) NOT NULL,
	`user_qid` int(11) DEFAULT NULL,
	`create_time` datetime DEFAULT CURRENT_TIMESTAMP,
	UNIQUE INDEX `username_UNIQUE` (`username` ASC)
) ENGINE=InnoDB' in /var/www/RD/yii/framework/db/CDbCommand.php:354
Stack trace:
#0 /var/www/RD/yii/framework/db/CDbCommand.php(1251): CDbCommand->execute()
#1 /var/www/RD/yii/framework/db/CDbMigration.php(229): CDbCommand->createTable('tbl_project', Array, 'ENGINE=InnoDB')
#2 /var/www/RD/RadarApp/protected/migrations/m140511_182427_users.php(14): CDbMigration->createTable('tbl_project', Array, 'ENGINE=InnoDB')
#3 /var/www/RD/yii/framework/cli/commands/MigrateCommand.php(386): m140511_182427_users->up()
#4 /var/www/RD/yii/framework/cli/commands/MigrateCommand.php(110): MigrateCommand->migrateUp('m140511_182427_...')
#5 [internal function]: MigrateCommand->actionUp(Array)
#6 /var/www/RD/yii/framework/console/CConsoleCommand.php(173): ReflectionMethod->invokeArgs(Object(MigrateCommand), Array)
#7 /var/www/RD/yii/framework/console/CConsoleCommandRunner.php(68): CConsoleCommand->run(Array)
#8 /var/www/RD/yii/framework/console/CConsoleApplication.php(92): CConsoleCommandRunner->run(Array)
#9 /var/www/RD/yii/framework/base/CApplication.php(162): CConsoleApplication->processRequest()
#10 /var/www/RD/yii/framework/yiic.php(34): CApplication->run()
#11 /var/www/RD/RadarApp/protected/yiic.php(7): require_once('/var/www/RD/yii...')
#12 /var/www/RD/RadarApp/protected/yiic(4): require_once('/var/www/RD/Rad...')
#13 {main}
---
2014/05/11 21:50:20 [error] [system.db.CDbCommand] CDbCommand::execute() failed: SQLSTATE[42000]: Syntax error or access violation: 1064 You have an error in your SQL syntax; check the manual that corresponds to your MySQL server version for the right syntax to use near 'MODIFY DATETIME DEFAULT CURRENT_TIMESTAMP,
	UNIQUE INDEX `username_UNIQUE` (`use' at line 6. The SQL statement executed was: CREATE TABLE `users` (
	`id` int(6) AUTO_INCREMENT NOT NULL PRIMARY KEY,
	`username` VARCHAR(20) NOT NULL,
	`password` varchar(50) NOT NULL,
	`user_qid` int(11) DEFAULT NULL,
	`create_time`  MODIFY DATETIME DEFAULT CURRENT_TIMESTAMP,
	UNIQUE INDEX `username_UNIQUE` (`username` ASC)
) ENGINE=InnoDB.
2014/05/11 21:50:20 [error] [exception.CDbException] exception 'CDbException' with message 'CDbCommand failed to execute the SQL statement: SQLSTATE[42000]: Syntax error or access violation: 1064 You have an error in your SQL syntax; check the manual that corresponds to your MySQL server version for the right syntax to use near 'MODIFY DATETIME DEFAULT CURRENT_TIMESTAMP,
	UNIQUE INDEX `username_UNIQUE` (`use' at line 6. The SQL statement executed was: CREATE TABLE `users` (
	`id` int(6) AUTO_INCREMENT NOT NULL PRIMARY KEY,
	`username` VARCHAR(20) NOT NULL,
	`password` varchar(50) NOT NULL,
	`user_qid` int(11) DEFAULT NULL,
	`create_time`  MODIFY DATETIME DEFAULT CURRENT_TIMESTAMP,
	UNIQUE INDEX `username_UNIQUE` (`username` ASC)
) ENGINE=InnoDB' in /var/www/RD/yii/framework/db/CDbCommand.php:354
Stack trace:
#0 /var/www/RD/yii/framework/db/CDbCommand.php(1251): CDbCommand->execute()
#1 /var/www/RD/yii/framework/db/CDbMigration.php(229): CDbCommand->createTable('users', Array, 'ENGINE=InnoDB')
#2 /var/www/RD/RadarApp/protected/migrations/m140511_182427_users.php(14): CDbMigration->createTable('users', Array, 'ENGINE=InnoDB')
#3 /var/www/RD/yii/framework/cli/commands/MigrateCommand.php(386): m140511_182427_users->up()
#4 /var/www/RD/yii/framework/cli/commands/MigrateCommand.php(110): MigrateCommand->migrateUp('m140511_182427_...')
#5 [internal function]: MigrateCommand->actionUp(Array)
#6 /var/www/RD/yii/framework/console/CConsoleCommand.php(173): ReflectionMethod->invokeArgs(Object(MigrateCommand), Array)
#7 /var/www/RD/yii/framework/console/CConsoleCommandRunner.php(68): CConsoleCommand->run(Array)
#8 /var/www/RD/yii/framework/console/CConsoleApplication.php(92): CConsoleCommandRunner->run(Array)
#9 /var/www/RD/yii/framework/base/CApplication.php(162): CConsoleApplication->processRequest()
#10 /var/www/RD/yii/framework/yiic.php(34): CApplication->run()
#11 /var/www/RD/RadarApp/protected/yiic.php(7): require_once('/var/www/RD/yii...')
#12 /var/www/RD/RadarApp/protected/yiic(4): require_once('/var/www/RD/Rad...')
#13 {main}
---
2014/05/11 21:54:30 [error] [system.db.CDbCommand] CDbCommand::execute() failed: SQLSTATE[42000]: Syntax error or access violation: 1067 Invalid default value for 'create_time'. The SQL statement executed was: CREATE TABLE `users` (
	`id` int(6) AUTO_INCREMENT NOT NULL PRIMARY KEY,
	`username` VARCHAR(20) NOT NULL,
	`password` varchar(50) NOT NULL,
	`user_qid` int(11) DEFAULT NULL,
	`create_time` DATETIME DEFAULT CURRENT_TIMESTAMP,
	UNIQUE INDEX `username_UNIQUE` (`username` ASC)
) ENGINE=InnoDB.
2014/05/11 21:54:30 [error] [exception.CDbException] exception 'CDbException' with message 'CDbCommand failed to execute the SQL statement: SQLSTATE[42000]: Syntax error or access violation: 1067 Invalid default value for 'create_time'. The SQL statement executed was: CREATE TABLE `users` (
	`id` int(6) AUTO_INCREMENT NOT NULL PRIMARY KEY,
	`username` VARCHAR(20) NOT NULL,
	`password` varchar(50) NOT NULL,
	`user_qid` int(11) DEFAULT NULL,
	`create_time` DATETIME DEFAULT CURRENT_TIMESTAMP,
	UNIQUE INDEX `username_UNIQUE` (`username` ASC)
) ENGINE=InnoDB' in /var/www/RD/yii/framework/db/CDbCommand.php:354
Stack trace:
#0 /var/www/RD/yii/framework/db/CDbCommand.php(1251): CDbCommand->execute()
#1 /var/www/RD/yii/framework/db/CDbMigration.php(229): CDbCommand->createTable('users', Array, 'ENGINE=InnoDB')
#2 /var/www/RD/RadarApp/protected/migrations/m140511_182427_users.php(14): CDbMigration->createTable('users', Array, 'ENGINE=InnoDB')
#3 /var/www/RD/yii/framework/cli/commands/MigrateCommand.php(386): m140511_182427_users->up()
#4 /var/www/RD/yii/framework/cli/commands/MigrateCommand.php(110): MigrateCommand->migrateUp('m140511_182427_...')
#5 [internal function]: MigrateCommand->actionUp(Array)
#6 /var/www/RD/yii/framework/console/CConsoleCommand.php(173): ReflectionMethod->invokeArgs(Object(MigrateCommand), Array)
#7 /var/www/RD/yii/framework/console/CConsoleCommandRunner.php(68): CConsoleCommand->run(Array)
#8 /var/www/RD/yii/framework/console/CConsoleApplication.php(92): CConsoleCommandRunner->run(Array)
#9 /var/www/RD/yii/framework/base/CApplication.php(162): CConsoleApplication->processRequest()
#10 /var/www/RD/yii/framework/yiic.php(34): CApplication->run()
#11 /var/www/RD/RadarApp/protected/yiic.php(7): require_once('/var/www/RD/yii...')
#12 /var/www/RD/RadarApp/protected/yiic(4): require_once('/var/www/RD/Rad...')
#13 {main}
---
2014/05/11 23:08:18 [error] [system.db.CDbCommand] CDbCommand::execute() failed: SQLSTATE[42000]: Syntax error or access violation: 1072 Key column 'username' doesn't exist in table. The SQL statement executed was: CREATE TABLE `regions` (
	`id` INT NOT NULL AUTO_INCREMENT PRIMARY KEY,
	`region_code` VARCHAR(6) NOT NULL,
	`user_qid` int(11) DEFAULT NULL,
	`admin` INT,
	UNIQUE INDEX `username_UNIQUE` (`username` ASC),
	INDEX `admin_idx` (`admin` ASC),
	UNIQUE INDEX `name_UNIQUE` (`name` ASC),
	FOREIGN KEY (admin) REFERENCES users(id)
) ENGINE=InnoDB.
2014/05/11 23:08:18 [error] [exception.CDbException] exception 'CDbException' with message 'CDbCommand failed to execute the SQL statement: SQLSTATE[42000]: Syntax error or access violation: 1072 Key column 'username' doesn't exist in table. The SQL statement executed was: CREATE TABLE `regions` (
	`id` INT NOT NULL AUTO_INCREMENT PRIMARY KEY,
	`region_code` VARCHAR(6) NOT NULL,
	`user_qid` int(11) DEFAULT NULL,
	`admin` INT,
	UNIQUE INDEX `username_UNIQUE` (`username` ASC),
	INDEX `admin_idx` (`admin` ASC),
	UNIQUE INDEX `name_UNIQUE` (`name` ASC),
	FOREIGN KEY (admin) REFERENCES users(id)
) ENGINE=InnoDB' in /var/www/RD/yii/framework/db/CDbCommand.php:354
Stack trace:
#0 /var/www/RD/yii/framework/db/CDbCommand.php(1251): CDbCommand->execute()
#1 /var/www/RD/yii/framework/db/CDbMigration.php(229): CDbCommand->createTable('regions', Array, 'ENGINE=InnoDB')
#2 /var/www/RD/RadarApp/protected/migrations/m140511_192952_regions.php(16): CDbMigration->createTable('regions', Array, 'ENGINE=InnoDB')
#3 /var/www/RD/yii/framework/cli/commands/MigrateCommand.php(386): m140511_192952_regions->up()
#4 /var/www/RD/yii/framework/cli/commands/MigrateCommand.php(110): MigrateCommand->migrateUp('m140511_192952_...')
#5 [internal function]: MigrateCommand->actionUp(Array)
#6 /var/www/RD/yii/framework/console/CConsoleCommand.php(173): ReflectionMethod->invokeArgs(Object(MigrateCommand), Array)
#7 /var/www/RD/yii/framework/console/CConsoleCommandRunner.php(68): CConsoleCommand->run(Array)
#8 /var/www/RD/yii/framework/console/CConsoleApplication.php(92): CConsoleCommandRunner->run(Array)
#9 /var/www/RD/yii/framework/base/CApplication.php(162): CConsoleApplication->processRequest()
#10 /var/www/RD/yii/framework/yiic.php(34): CApplication->run()
#11 /var/www/RD/RadarApp/protected/yiic.php(7): require_once('/var/www/RD/yii...')
#12 /var/www/RD/RadarApp/protected/yiic(4): require_once('/var/www/RD/Rad...')
#13 {main}
---
2014/05/11 23:09:33 [error] [system.db.CDbCommand] CDbCommand::execute() failed: SQLSTATE[42000]: Syntax error or access violation: 1072 Key column 'name' doesn't exist in table. The SQL statement executed was: CREATE TABLE `regions` (
	`id` INT NOT NULL AUTO_INCREMENT PRIMARY KEY,
	`region_code` VARCHAR(6) NOT NULL,
	`user_qid` int(11) DEFAULT NULL,
	`admin` INT,
	INDEX `admin_idx` (`admin` ASC),
	UNIQUE INDEX `name_UNIQUE` (`name` ASC),
	FOREIGN KEY (admin) REFERENCES users(id)
) ENGINE=InnoDB.
2014/05/11 23:09:33 [error] [exception.CDbException] exception 'CDbException' with message 'CDbCommand failed to execute the SQL statement: SQLSTATE[42000]: Syntax error or access violation: 1072 Key column 'name' doesn't exist in table. The SQL statement executed was: CREATE TABLE `regions` (
	`id` INT NOT NULL AUTO_INCREMENT PRIMARY KEY,
	`region_code` VARCHAR(6) NOT NULL,
	`user_qid` int(11) DEFAULT NULL,
	`admin` INT,
	INDEX `admin_idx` (`admin` ASC),
	UNIQUE INDEX `name_UNIQUE` (`name` ASC),
	FOREIGN KEY (admin) REFERENCES users(id)
) ENGINE=InnoDB' in /var/www/RD/yii/framework/db/CDbCommand.php:354
Stack trace:
#0 /var/www/RD/yii/framework/db/CDbCommand.php(1251): CDbCommand->execute()
#1 /var/www/RD/yii/framework/db/CDbMigration.php(229): CDbCommand->createTable('regions', Array, 'ENGINE=InnoDB')
#2 /var/www/RD/RadarApp/protected/migrations/m140511_192952_regions.php(15): CDbMigration->createTable('regions', Array, 'ENGINE=InnoDB')
#3 /var/www/RD/yii/framework/cli/commands/MigrateCommand.php(386): m140511_192952_regions->up()
#4 /var/www/RD/yii/framework/cli/commands/MigrateCommand.php(110): MigrateCommand->migrateUp('m140511_192952_...')
#5 [internal function]: MigrateCommand->actionUp(Array)
#6 /var/www/RD/yii/framework/console/CConsoleCommand.php(173): ReflectionMethod->invokeArgs(Object(MigrateCommand), Array)
#7 /var/www/RD/yii/framework/console/CConsoleCommandRunner.php(68): CConsoleCommand->run(Array)
#8 /var/www/RD/yii/framework/console/CConsoleApplication.php(92): CConsoleCommandRunner->run(Array)
#9 /var/www/RD/yii/framework/base/CApplication.php(162): CConsoleApplication->processRequest()
#10 /var/www/RD/yii/framework/yiic.php(34): CApplication->run()
#11 /var/www/RD/RadarApp/protected/yiic.php(7): require_once('/var/www/RD/yii...')
#12 /var/www/RD/RadarApp/protected/yiic(4): require_once('/var/www/RD/Rad...')
#13 {main}
---
2014/05/11 23:32:02 [error] [system.db.CDbCommand] CDbCommand::execute() failed: SQLSTATE[42000]: Syntax error or access violation: 1064 You have an error in your SQL syntax; check the manual that corresponds to your MySQL server version for the right syntax to use near ''SN_UNIQUE' ('SN' ASC),
	UNIQUE INDEX 'number_UNIQUE' ('number' ASC),
	INDEX 'st' at line 18. The SQL statement executed was: CREATE TABLE `users` (
	`id` INT NOT NULL AUTO_INCREMENT PRIMARY KEY,
	`SN` VARCHAR(100) NOT NULL,
	`number` VARCHAR(10) NOT NULL,
	`manufacturer` VARCHAR(20) NULL,
	`country_of_origin` VARCHAR(15) NULL,
	`provider` VARCHAR(45) NULL,
	`speed` VARCHAR(5) NOT NULL,
	`type` VARCHAR(10) NOT NULL,
	`status` VARCHAR(20) NULL,
	`safety_pole` VARCHAR(15) NOT NULL,
	`warrenty` VARCHAR(1) NOT NULL,
	`insurance` VARCHAR(1) NOT NULL,
	`comment` VARCHAR(45) NULL,
	`street` INT NOT NULL,
	`longLocation` decimal(18,14) DEFAULT NULL,
	`latLocation` decimal(18,14) DEFAULT NULL,
	UNIQUE INDEX 'SN_UNIQUE' ('SN' ASC),
	UNIQUE INDEX 'number_UNIQUE' ('number' ASC),
	INDEX 'street_idx' ('street' ASC),
	FOREIGN KEY (street) REFERENCES streets(id)
) ENGINE = InnoDB.
2014/05/11 23:32:02 [error] [exception.CDbException] exception 'CDbException' with message 'CDbCommand failed to execute the SQL statement: SQLSTATE[42000]: Syntax error or access violation: 1064 You have an error in your SQL syntax; check the manual that corresponds to your MySQL server version for the right syntax to use near ''SN_UNIQUE' ('SN' ASC),
	UNIQUE INDEX 'number_UNIQUE' ('number' ASC),
	INDEX 'st' at line 18. The SQL statement executed was: CREATE TABLE `users` (
	`id` INT NOT NULL AUTO_INCREMENT PRIMARY KEY,
	`SN` VARCHAR(100) NOT NULL,
	`number` VARCHAR(10) NOT NULL,
	`manufacturer` VARCHAR(20) NULL,
	`country_of_origin` VARCHAR(15) NULL,
	`provider` VARCHAR(45) NULL,
	`speed` VARCHAR(5) NOT NULL,
	`type` VARCHAR(10) NOT NULL,
	`status` VARCHAR(20) NULL,
	`safety_pole` VARCHAR(15) NOT NULL,
	`warrenty` VARCHAR(1) NOT NULL,
	`insurance` VARCHAR(1) NOT NULL,
	`comment` VARCHAR(45) NULL,
	`street` INT NOT NULL,
	`longLocation` decimal(18,14) DEFAULT NULL,
	`latLocation` decimal(18,14) DEFAULT NULL,
	UNIQUE INDEX 'SN_UNIQUE' ('SN' ASC),
	UNIQUE INDEX 'number_UNIQUE' ('number' ASC),
	INDEX 'street_idx' ('street' ASC),
	FOREIGN KEY (street) REFERENCES streets(id)
) ENGINE = InnoDB' in /var/www/RD/yii/framework/db/CDbCommand.php:354
Stack trace:
#0 /var/www/RD/yii/framework/db/CDbCommand.php(1251): CDbCommand->execute()
#1 /var/www/RD/yii/framework/db/CDbMigration.php(229): CDbCommand->createTable('users', Array, 'ENGINE = InnoDB')
#2 /var/www/RD/RadarApp/protected/migrations/m140511_201952_device_info.php(28): CDbMigration->createTable('users', Array, 'ENGINE = InnoDB')
#3 /var/www/RD/yii/framework/cli/commands/MigrateCommand.php(386): m140511_201952_device_info->up()
#4 /var/www/RD/yii/framework/cli/commands/MigrateCommand.php(110): MigrateCommand->migrateUp('m140511_201952_...')
#5 [internal function]: MigrateCommand->actionUp(Array)
#6 /var/www/RD/yii/framework/console/CConsoleCommand.php(173): ReflectionMethod->invokeArgs(Object(MigrateCommand), Array)
#7 /var/www/RD/yii/framework/console/CConsoleCommandRunner.php(68): CConsoleCommand->run(Array)
#8 /var/www/RD/yii/framework/console/CConsoleApplication.php(92): CConsoleCommandRunner->run(Array)
#9 /var/www/RD/yii/framework/base/CApplication.php(162): CConsoleApplication->processRequest()
#10 /var/www/RD/yii/framework/yiic.php(34): CApplication->run()
#11 /var/www/RD/RadarApp/protected/yiic.php(7): require_once('/var/www/RD/yii...')
#12 /var/www/RD/RadarApp/protected/yiic(4): require_once('/var/www/RD/Rad...')
#13 {main}
---
2014/05/11 23:32:37 [error] [system.db.CDbCommand] CDbCommand::execute() failed: SQLSTATE[42000]: Syntax error or access violation: 1064 You have an error in your SQL syntax; check the manual that corresponds to your MySQL server version for the right syntax to use near ''SN_UNIQUE' ('SN' ASC),
	UNIQUE INDEX 'number_UNIQUE' ('number' ASC),
	INDEX 'st' at line 18. The SQL statement executed was: CREATE TABLE `device_info` (
	`id` INT NOT NULL AUTO_INCREMENT PRIMARY KEY,
	`SN` VARCHAR(100) NOT NULL,
	`number` VARCHAR(10) NOT NULL,
	`manufacturer` VARCHAR(20) NULL,
	`country_of_origin` VARCHAR(15) NULL,
	`provider` VARCHAR(45) NULL,
	`speed` VARCHAR(5) NOT NULL,
	`type` VARCHAR(10) NOT NULL,
	`status` VARCHAR(20) NULL,
	`safety_pole` VARCHAR(15) NOT NULL,
	`warrenty` VARCHAR(1) NOT NULL,
	`insurance` VARCHAR(1) NOT NULL,
	`comment` VARCHAR(45) NULL,
	`street` INT NOT NULL,
	`longLocation` decimal(18,14) DEFAULT NULL,
	`latLocation` decimal(18,14) DEFAULT NULL,
	UNIQUE INDEX 'SN_UNIQUE' ('SN' ASC),
	UNIQUE INDEX 'number_UNIQUE' ('number' ASC),
	INDEX 'street_idx' ('street' ASC),
	FOREIGN KEY (street) REFERENCES streets(id)
) ENGINE = InnoDB.
2014/05/11 23:32:37 [error] [exception.CDbException] exception 'CDbException' with message 'CDbCommand failed to execute the SQL statement: SQLSTATE[42000]: Syntax error or access violation: 1064 You have an error in your SQL syntax; check the manual that corresponds to your MySQL server version for the right syntax to use near ''SN_UNIQUE' ('SN' ASC),
	UNIQUE INDEX 'number_UNIQUE' ('number' ASC),
	INDEX 'st' at line 18. The SQL statement executed was: CREATE TABLE `device_info` (
	`id` INT NOT NULL AUTO_INCREMENT PRIMARY KEY,
	`SN` VARCHAR(100) NOT NULL,
	`number` VARCHAR(10) NOT NULL,
	`manufacturer` VARCHAR(20) NULL,
	`country_of_origin` VARCHAR(15) NULL,
	`provider` VARCHAR(45) NULL,
	`speed` VARCHAR(5) NOT NULL,
	`type` VARCHAR(10) NOT NULL,
	`status` VARCHAR(20) NULL,
	`safety_pole` VARCHAR(15) NOT NULL,
	`warrenty` VARCHAR(1) NOT NULL,
	`insurance` VARCHAR(1) NOT NULL,
	`comment` VARCHAR(45) NULL,
	`street` INT NOT NULL,
	`longLocation` decimal(18,14) DEFAULT NULL,
	`latLocation` decimal(18,14) DEFAULT NULL,
	UNIQUE INDEX 'SN_UNIQUE' ('SN' ASC),
	UNIQUE INDEX 'number_UNIQUE' ('number' ASC),
	INDEX 'street_idx' ('street' ASC),
	FOREIGN KEY (street) REFERENCES streets(id)
) ENGINE = InnoDB' in /var/www/RD/yii/framework/db/CDbCommand.php:354
Stack trace:
#0 /var/www/RD/yii/framework/db/CDbCommand.php(1251): CDbCommand->execute()
#1 /var/www/RD/yii/framework/db/CDbMigration.php(229): CDbCommand->createTable('device_info', Array, 'ENGINE = InnoDB')
#2 /var/www/RD/RadarApp/protected/migrations/m140511_201952_device_info.php(28): CDbMigration->createTable('device_info', Array, 'ENGINE = InnoDB')
#3 /var/www/RD/yii/framework/cli/commands/MigrateCommand.php(386): m140511_201952_device_info->up()
#4 /var/www/RD/yii/framework/cli/commands/MigrateCommand.php(110): MigrateCommand->migrateUp('m140511_201952_...')
#5 [internal function]: MigrateCommand->actionUp(Array)
#6 /var/www/RD/yii/framework/console/CConsoleCommand.php(173): ReflectionMethod->invokeArgs(Object(MigrateCommand), Array)
#7 /var/www/RD/yii/framework/console/CConsoleCommandRunner.php(68): CConsoleCommand->run(Array)
#8 /var/www/RD/yii/framework/console/CConsoleApplication.php(92): CConsoleCommandRunner->run(Array)
#9 /var/www/RD/yii/framework/base/CApplication.php(162): CConsoleApplication->processRequest()
#10 /var/www/RD/yii/framework/yiic.php(34): CApplication->run()
#11 /var/www/RD/RadarApp/protected/yiic.php(7): require_once('/var/www/RD/yii...')
#12 /var/www/RD/RadarApp/protected/yiic(4): require_once('/var/www/RD/Rad...')
#13 {main}
---
2014/05/12 13:28:17 [error] [system.db.CDbCommand] CDbCommand::execute() failed: SQLSTATE[42000]: Syntax error or access violation: 1064 You have an error in your SQL syntax; check the manual that corresponds to your MySQL server version for the right syntax to use near '`SN_idx` (`SN` ASC),
	FOREIGN KEY (SN) REFERENCES device_info(SN),
	FOREIGN KEY ' at line 7. The SQL statement executed was: CREATE TABLE `check_in_history` (
	`id` INT NOT NULL PRIMARY KEY,
	`SN` VARCHAR(100) NULL,
	`check_date` DATE NULL,
	`checker` INT,
	`checked_comp` VARCHAR(45) NULL,
	`INDEX` `SN_idx` (`SN` ASC),
	FOREIGN KEY (SN) REFERENCES device_info(SN),
	FOREIGN KEY (checker) REFERENCES users(id)
) ENGINE = InnoDB.
2014/05/12 13:28:17 [error] [exception.CDbException] exception 'CDbException' with message 'CDbCommand failed to execute the SQL statement: SQLSTATE[42000]: Syntax error or access violation: 1064 You have an error in your SQL syntax; check the manual that corresponds to your MySQL server version for the right syntax to use near '`SN_idx` (`SN` ASC),
	FOREIGN KEY (SN) REFERENCES device_info(SN),
	FOREIGN KEY ' at line 7. The SQL statement executed was: CREATE TABLE `check_in_history` (
	`id` INT NOT NULL PRIMARY KEY,
	`SN` VARCHAR(100) NULL,
	`check_date` DATE NULL,
	`checker` INT,
	`checked_comp` VARCHAR(45) NULL,
	`INDEX` `SN_idx` (`SN` ASC),
	FOREIGN KEY (SN) REFERENCES device_info(SN),
	FOREIGN KEY (checker) REFERENCES users(id)
) ENGINE = InnoDB' in /var/www/RD/yii/framework/db/CDbCommand.php:354
Stack trace:
#0 /var/www/RD/yii/framework/db/CDbCommand.php(1251): CDbCommand->execute()
#1 /var/www/RD/yii/framework/db/CDbMigration.php(229): CDbCommand->createTable('check_in_histor...', Array, 'ENGINE = InnoDB')
#2 /var/www/RD/RadarApp/protected/migrations/m140511_204455_contracts.php(61): CDbMigration->createTable('check_in_histor...', Array, 'ENGINE = InnoDB')
#3 /var/www/RD/yii/framework/cli/commands/MigrateCommand.php(386): m140511_204455_contracts->up()
#4 /var/www/RD/yii/framework/cli/commands/MigrateCommand.php(110): MigrateCommand->migrateUp('m140511_204455_...')
#5 [internal function]: MigrateCommand->actionUp(Array)
#6 /var/www/RD/yii/framework/console/CConsoleCommand.php(173): ReflectionMethod->invokeArgs(Object(MigrateCommand), Array)
#7 /var/www/RD/yii/framework/console/CConsoleCommandRunner.php(68): CConsoleCommand->run(Array)
#8 /var/www/RD/yii/framework/console/CConsoleApplication.php(92): CConsoleCommandRunner->run(Array)
#9 /var/www/RD/yii/framework/base/CApplication.php(162): CConsoleApplication->processRequest()
#10 /var/www/RD/yii/framework/yiic.php(34): CApplication->run()
#11 /var/www/RD/RadarApp/protected/yiic.php(7): require_once('/var/www/RD/yii...')
#12 /var/www/RD/RadarApp/protected/yiic(4): require_once('/var/www/RD/Rad...')
#13 {main}
---
2014/05/12 13:39:56 [error] [system.db.CDbCommand] CDbCommand::execute() failed: SQLSTATE[42S01]: Base table or view already exists: 1050 Table 'data_coll_cont' already exists. The SQL statement executed was: CREATE TABLE `data_coll_cont` (
	`id` INT NOT NULL AUTO_INCREMENT PRIMARY KEY,
	`SN` VARCHAR(100) NULL,
	`number` VARCHAR(10) NULL,
	`start_date` DATE NOT NULL,
	`end_date` DATE NOT NULL,
	`comment` TEXT NULL,
	INDEX `SN_idx` (`SN` ASC),
	FOREIGN KEY (SN) REFERENCES device_info(SN)
) ENGINE = InnoDB.
2014/05/12 13:39:56 [error] [exception.CDbException] exception 'CDbException' with message 'CDbCommand failed to execute the SQL statement: SQLSTATE[42S01]: Base table or view already exists: 1050 Table 'data_coll_cont' already exists. The SQL statement executed was: CREATE TABLE `data_coll_cont` (
	`id` INT NOT NULL AUTO_INCREMENT PRIMARY KEY,
	`SN` VARCHAR(100) NULL,
	`number` VARCHAR(10) NULL,
	`start_date` DATE NOT NULL,
	`end_date` DATE NOT NULL,
	`comment` TEXT NULL,
	INDEX `SN_idx` (`SN` ASC),
	FOREIGN KEY (SN) REFERENCES device_info(SN)
) ENGINE = InnoDB' in /var/www/RD/yii/framework/db/CDbCommand.php:354
Stack trace:
#0 /var/www/RD/yii/framework/db/CDbCommand.php(1251): CDbCommand->execute()
#1 /var/www/RD/yii/framework/db/CDbMigration.php(229): CDbCommand->createTable('data_coll_cont', Array, 'ENGINE = InnoDB')
#2 /var/www/RD/RadarApp/protected/migrations/m140511_204455_contracts.php(16): CDbMigration->createTable('data_coll_cont', Array, 'ENGINE = InnoDB')
#3 /var/www/RD/yii/framework/cli/commands/MigrateCommand.php(386): m140511_204455_contracts->up()
#4 /var/www/RD/yii/framework/cli/commands/MigrateCommand.php(110): MigrateCommand->migrateUp('m140511_204455_...')
#5 [internal function]: MigrateCommand->actionUp(Array)
#6 /var/www/RD/yii/framework/console/CConsoleCommand.php(173): ReflectionMethod->invokeArgs(Object(MigrateCommand), Array)
#7 /var/www/RD/yii/framework/console/CConsoleCommandRunner.php(68): CConsoleCommand->run(Array)
#8 /var/www/RD/yii/framework/console/CConsoleApplication.php(92): CConsoleCommandRunner->run(Array)
#9 /var/www/RD/yii/framework/base/CApplication.php(162): CConsoleApplication->processRequest()
#10 /var/www/RD/yii/framework/yiic.php(34): CApplication->run()
#11 /var/www/RD/RadarApp/protected/yiic.php(7): require_once('/var/www/RD/yii...')
#12 /var/www/RD/RadarApp/protected/yiic(4): require_once('/var/www/RD/Rad...')
#13 {main}
---
2014/05/12 14:43:29 [error] [system.db.CDbCommand] CDbCommand::execute() failed: SQLSTATE[42000]: Syntax error or access violation: 1064 You have an error in your SQL syntax; check the manual that corresponds to your MySQL server version for the right syntax to use near ') ENGINE = InnoDB' at line 17. The SQL statement executed was: CREATE TABLE `components` (
	`id` INT NOT NULL AUTO_INCREMENT PRIMARY KEY,
	`SN` VARCHAR(100) NULL,
	`loop` VARCHAR(1) NULL,
	`laser` VARCHAR(1) NULL,
	`ethernet` VARCHAR(1) NULL,
	`fiber_optic` VARCHAR(1) NULL,
	`flash` VARCHAR(1) NULL,
	`CCTV` VARCHAR(1) NULL,
	`resolution` VARCHAR(20) NULL,
	`ventination` VARCHAR(20) NULL,
	`ph_cam_resolution` VARCHAR(20) NULL,
	`op_system` VARCHAR(15) NULL,
	`mpu` VARCHAR(1) NULL,
	INDEX `SN_idx` (`SN` ASC),
	FOREIGN KEY (SN) REFERENCES device_info(SN))
) ENGINE = InnoDB.
2014/05/12 14:43:29 [error] [exception.CDbException] exception 'CDbException' with message 'CDbCommand failed to execute the SQL statement: SQLSTATE[42000]: Syntax error or access violation: 1064 You have an error in your SQL syntax; check the manual that corresponds to your MySQL server version for the right syntax to use near ') ENGINE = InnoDB' at line 17. The SQL statement executed was: CREATE TABLE `components` (
	`id` INT NOT NULL AUTO_INCREMENT PRIMARY KEY,
	`SN` VARCHAR(100) NULL,
	`loop` VARCHAR(1) NULL,
	`laser` VARCHAR(1) NULL,
	`ethernet` VARCHAR(1) NULL,
	`fiber_optic` VARCHAR(1) NULL,
	`flash` VARCHAR(1) NULL,
	`CCTV` VARCHAR(1) NULL,
	`resolution` VARCHAR(20) NULL,
	`ventination` VARCHAR(20) NULL,
	`ph_cam_resolution` VARCHAR(20) NULL,
	`op_system` VARCHAR(15) NULL,
	`mpu` VARCHAR(1) NULL,
	INDEX `SN_idx` (`SN` ASC),
	FOREIGN KEY (SN) REFERENCES device_info(SN))
) ENGINE = InnoDB' in /var/www/RD/yii/framework/db/CDbCommand.php:354
Stack trace:
#0 /var/www/RD/yii/framework/db/CDbCommand.php(1251): CDbCommand->execute()
#1 /var/www/RD/yii/framework/db/CDbMigration.php(229): CDbCommand->createTable('components', Array, 'ENGINE = InnoDB')
#2 /var/www/RD/RadarApp/protected/migrations/m140512_113820_components.php(23): CDbMigration->createTable('components', Array, 'ENGINE = InnoDB')
#3 /var/www/RD/yii/framework/cli/commands/MigrateCommand.php(386): m140512_113820_components->up()
#4 /var/www/RD/yii/framework/cli/commands/MigrateCommand.php(110): MigrateCommand->migrateUp('m140512_113820_...')
#5 [internal function]: MigrateCommand->actionUp(Array)
#6 /var/www/RD/yii/framework/console/CConsoleCommand.php(173): ReflectionMethod->invokeArgs(Object(MigrateCommand), Array)
#7 /var/www/RD/yii/framework/console/CConsoleCommandRunner.php(68): CConsoleCommand->run(Array)
#8 /var/www/RD/yii/framework/console/CConsoleApplication.php(92): CConsoleCommandRunner->run(Array)
#9 /var/www/RD/yii/framework/base/CApplication.php(162): CConsoleApplication->processRequest()
#10 /var/www/RD/yii/framework/yiic.php(34): CApplication->run()
#11 /var/www/RD/RadarApp/protected/yiic.php(7): require_once('/var/www/RD/yii...')
#12 /var/www/RD/RadarApp/protected/yiic(4): require_once('/var/www/RD/Rad...')
#13 {main}
---
2014/05/12 14:45:36 [error] [system.db.CDbCommand] CDbCommand::execute() failed: SQLSTATE[42000]: Syntax error or access violation: 1064 You have an error in your SQL syntax; check the manual that corresponds to your MySQL server version for the right syntax to use near ') ENGINE = InnoDB' at line 17. The SQL statement executed was: CREATE TABLE `components` (
	`id` INT NOT NULL AUTO_INCREMENT PRIMARY KEY,
	`SN` VARCHAR(100),
	`loop` VARCHAR(1) NULL,
	`laser` VARCHAR(1) NULL,
	`ethernet` VARCHAR(1) NULL,
	`fiber_optic` VARCHAR(1) NULL,
	`flash` VARCHAR(1) NULL,
	`CCTV` VARCHAR(1) NULL,
	`resolution` VARCHAR(20) NULL,
	`ventination` VARCHAR(20) NULL,
	`ph_cam_resolution` VARCHAR(20) NULL,
	`op_system` VARCHAR(15) NULL,
	`mpu` VARCHAR(1) NULL,
	INDEX `SN_idx` (`SN` ASC),
	FOREIGN KEY (SN) REFERENCES device_info(SN))
) ENGINE = InnoDB.
2014/05/12 14:45:36 [error] [exception.CDbException] exception 'CDbException' with message 'CDbCommand failed to execute the SQL statement: SQLSTATE[42000]: Syntax error or access violation: 1064 You have an error in your SQL syntax; check the manual that corresponds to your MySQL server version for the right syntax to use near ') ENGINE = InnoDB' at line 17. The SQL statement executed was: CREATE TABLE `components` (
	`id` INT NOT NULL AUTO_INCREMENT PRIMARY KEY,
	`SN` VARCHAR(100),
	`loop` VARCHAR(1) NULL,
	`laser` VARCHAR(1) NULL,
	`ethernet` VARCHAR(1) NULL,
	`fiber_optic` VARCHAR(1) NULL,
	`flash` VARCHAR(1) NULL,
	`CCTV` VARCHAR(1) NULL,
	`resolution` VARCHAR(20) NULL,
	`ventination` VARCHAR(20) NULL,
	`ph_cam_resolution` VARCHAR(20) NULL,
	`op_system` VARCHAR(15) NULL,
	`mpu` VARCHAR(1) NULL,
	INDEX `SN_idx` (`SN` ASC),
	FOREIGN KEY (SN) REFERENCES device_info(SN))
) ENGINE = InnoDB' in /var/www/RD/yii/framework/db/CDbCommand.php:354
Stack trace:
#0 /var/www/RD/yii/framework/db/CDbCommand.php(1251): CDbCommand->execute()
#1 /var/www/RD/yii/framework/db/CDbMigration.php(229): CDbCommand->createTable('components', Array, 'ENGINE = InnoDB')
#2 /var/www/RD/RadarApp/protected/migrations/m140512_113820_components.php(23): CDbMigration->createTable('components', Array, 'ENGINE = InnoDB')
#3 /var/www/RD/yii/framework/cli/commands/MigrateCommand.php(386): m140512_113820_components->up()
#4 /var/www/RD/yii/framework/cli/commands/MigrateCommand.php(110): MigrateCommand->migrateUp('m140512_113820_...')
#5 [internal function]: MigrateCommand->actionUp(Array)
#6 /var/www/RD/yii/framework/console/CConsoleCommand.php(173): ReflectionMethod->invokeArgs(Object(MigrateCommand), Array)
#7 /var/www/RD/yii/framework/console/CConsoleCommandRunner.php(68): CConsoleCommand->run(Array)
#8 /var/www/RD/yii/framework/console/CConsoleApplication.php(92): CConsoleCommandRunner->run(Array)
#9 /var/www/RD/yii/framework/base/CApplication.php(162): CConsoleApplication->processRequest()
#10 /var/www/RD/yii/framework/yiic.php(34): CApplication->run()
#11 /var/www/RD/RadarApp/protected/yiic.php(7): require_once('/var/www/RD/yii...')
#12 /var/www/RD/RadarApp/protected/yiic(4): require_once('/var/www/RD/Rad...')
#13 {main}
---
